<?xml version="1.0" encoding="UTF-8" ?>
<testsuite tests="39" failures="1" name="TestSuite" time="121.468" errors="0" skipped="37">
  <properties>
[...]
</properties>
  <testcase classname="test.java.crm.ContactPageTest" name="setUpTest" time="0.281">
    <failure message="
Parameter &apos;browser&apos; is required by BeforeMethod on method setUpTest but has not been marked @Optional or defined
" type="org.testng.TestNGException">org.testng.TestNGException: 
Parameter &apos;browser&apos; is required by BeforeMethod on method setUpTest but has not been marked @Optional or defined
	at org.testng.internal.Parameters.createParameters(Parameters.java:199)
	at org.testng.internal.Parameters.createParameters(Parameters.java:443)
	at org.testng.internal.Parameters.createConfigurationParameters(Parameters.java:118)
	at org.testng.internal.Invoker.invokeConfigurations(Invoker.java:206)
	at org.testng.internal.Invoker.invokeMethod(Invoker.java:599)
	at org.testng.internal.Invoker.invokeTestMethod(Invoker.java:869)
	at org.testng.internal.Invoker.invokeTestMethods(Invoker.java:1193)
	at org.testng.internal.TestMethodWorker.invokeTestMethods(TestMethodWorker.java:126)
	at org.testng.internal.TestMethodWorker.run(TestMethodWorker.java:109)
	at org.testng.TestRunner.privateRun(TestRunner.java:744)
	at org.testng.TestRunner.run(TestRunner.java:602)
	at org.testng.SuiteRunner.runTest(SuiteRunner.java:380)
	at org.testng.SuiteRunner.runSequentially(SuiteRunner.java:375)
	at org.testng.SuiteRunner.privateRun(SuiteRunner.java:340)
	at org.testng.SuiteRunner.run(SuiteRunner.java:289)
	at org.testng.SuiteRunnerWorker.runSuite(SuiteRunnerWorker.java:52)
	at org.testng.SuiteRunnerWorker.run(SuiteRunnerWorker.java:86)
	at org.testng.TestNG.runSuitesSequentially(TestNG.java:1301)
	at org.testng.TestNG.runSuitesLocally(TestNG.java:1226)
	at org.testng.TestNG.runSuites(TestNG.java:1144)
	at org.testng.TestNG.run(TestNG.java:1115)
	at org.apache.maven.surefire.testng.TestNGExecutor.run(TestNGExecutor.java:77)
	at org.apache.maven.surefire.testng.TestNGDirectoryTestSuite.executeMulti(TestNGDirectoryTestSuite.java:159)
	at org.apache.maven.surefire.testng.TestNGDirectoryTestSuite.execute(TestNGDirectoryTestSuite.java:99)
	at org.apache.maven.surefire.testng.TestNGProvider.invoke(TestNGProvider.java:106)
	at sun.reflect.NativeMethodAccessorImpl.invoke0(Native Method)
	at sun.reflect.NativeMethodAccessorImpl.invoke(NativeMethodAccessorImpl.java:62)
	at sun.reflect.DelegatingMethodAccessorImpl.invoke(DelegatingMethodAccessorImpl.java:43)
	at java.lang.reflect.Method.invoke(Method.java:498)
	at org.apache.maven.surefire.util.ReflectionUtils.invokeMethodWithArray(ReflectionUtils.java:189)
	at org.apache.maven.surefire.booter.ProviderFactory$ProviderProxy.invoke(ProviderFactory.java:165)
	at org.apache.maven.surefire.booter.ProviderFactory.invokeProvider(ProviderFactory.java:85)
	at org.apache.maven.surefire.booter.ForkedBooter.runSuitesInProcess(ForkedBooter.java:115)
	at org.apache.maven.surefire.booter.ForkedBooter.main(ForkedBooter.java:75)
</failure>
    <system-out>Configuring TestNG with: org.apache.maven.surefire.testng.conf.TestNG652Configurator@6073f712
</system-out>
  </testcase>
  <testcase classname="test.java.crm.ContactPageTest" name="validateCreateNewContactButton" time="0.282">
    <skipped/>
  </testcase>
  <testcase classname="test.java.DragDropFeatureTest" name="verifyDragDropFeatureTest" time="2.593"/>
  <testcase classname="test.java.ecom.brandForLess.HomePageTest" name="setUpTest" time="2.735">
    <skipped/>
  </testcase>
  <testcase classname="test.java.ecom.brandForLess.HomePageTest" name="verifyHomePageHeaderTest" time="2.735">
    <skipped/>
  </testcase>
  <testcase classname="test.java.ecom.brandForLess.HomePageTest" name="setUpTest" time="2.738">
    <skipped/>
  </testcase>
  <testcase classname="test.java.ecom.brandForLess.HomePageTest" name="verifyHomePageLogoExistsTest" time="2.738">
    <skipped/>
  </testcase>
  <testcase classname="test.java.ecom.brandForLess.HomePageTest" name="setUpTest" time="2.738">
    <skipped/>
  </testcase>
  <testcase classname="test.java.ecom.brandForLess.HomePageTest" name="verifyHomePageTitleTest" time="2.739">
    <skipped/>
  </testcase>
  <testcase classname="test.java.crm.NewContactPageTest" name="setUpTest" time="3.392">
    <skipped/>
    <system-out>2&gt;&gt;***Tom
********Image
3&gt;&gt;***Hero
********Image
4&gt;&gt;***Cherry
********Image
5&gt;&gt;***Firstname
********Image
6&gt;&gt;***Firstname
********Image
7&gt;&gt;***Firstname
********Image
8&gt;&gt;***Firstname
********Image
9&gt;&gt;***Firstname
********Image
10&gt;&gt;***Firstname
********Image
</system-out>
  </testcase>
  <testcase classname="test.java.crm.NewContactPageTest" name="validateCreateNewContact" time="3.392">
    <skipped/>
  </testcase>
  <testcase classname="test.java.crm.NewContactPageTest" name="setUpTest" time="3.393">
    <skipped/>
  </testcase>
  <testcase classname="test.java.crm.NewContactPageTest" name="validateCreateNewContact" time="3.393">
    <skipped/>
  </testcase>
  <testcase classname="test.java.crm.NewContactPageTest" name="setUpTest" time="3.393">
    <skipped/>
  </testcase>
  <testcase classname="test.java.crm.NewContactPageTest" name="validateCreateNewContact" time="3.393">
    <skipped/>
  </testcase>
  <testcase classname="test.java.crm.NewContactPageTest" name="setUpTest" time="3.394">
    <skipped/>
  </testcase>
  <testcase classname="test.java.crm.NewContactPageTest" name="validateCreateNewContact" time="3.394">
    <skipped/>
  </testcase>
  <testcase classname="test.java.crm.NewContactPageTest" name="setUpTest" time="3.394">
    <skipped/>
  </testcase>
  <testcase classname="test.java.crm.NewContactPageTest" name="validateCreateNewContact" time="3.394">
    <skipped/>
  </testcase>
  <testcase classname="test.java.crm.NewContactPageTest" name="setUpTest" time="3.395">
    <skipped/>
  </testcase>
  <testcase classname="test.java.crm.NewContactPageTest" name="validateCreateNewContact" time="3.395">
    <skipped/>
  </testcase>
  <testcase classname="test.java.crm.NewContactPageTest" name="setUpTest" time="3.396">
    <skipped/>
  </testcase>
  <testcase classname="test.java.crm.NewContactPageTest" name="validateCreateNewContact" time="3.396">
    <skipped/>
  </testcase>
  <testcase classname="test.java.crm.NewContactPageTest" name="setUpTest" time="3.396">
    <skipped/>
  </testcase>
  <testcase classname="test.java.crm.NewContactPageTest" name="validateCreateNewContact" time="3.396">
    <skipped/>
  </testcase>
  <testcase classname="test.java.crm.NewContactPageTest" name="setUpTest" time="3.397">
    <skipped/>
  </testcase>
  <testcase classname="test.java.crm.NewContactPageTest" name="validateCreateNewContact" time="3.397">
    <skipped/>
  </testcase>
  <testcase classname="test.java.crm.HomePageTest" name="setUpTest" time="3.397">
    <skipped/>
  </testcase>
  <testcase classname="test.java.crm.HomePageTest" name="verifyHomePageTitleTest" time="3.397">
    <skipped/>
  </testcase>
  <testcase classname="test.java.crm.LoginPageTest" name="setUpTest" time="3.398">
    <skipped/>
  </testcase>
  <testcase classname="test.java.crm.LoginPageTest" name="verifyLoginPageTitleTest" time="3.398">
    <skipped/>
  </testcase>
  <testcase classname="test.java.crm.LoginPageTest" name="setUpTest" time="3.398">
    <skipped/>
  </testcase>
  <testcase classname="test.java.crm.LoginPageTest" name="verifyLoginTest" time="3.398">
    <skipped/>
  </testcase>
  <testcase classname="test.java.crm.HomePageTest" name="setUpTest" time="3.399">
    <skipped/>
  </testcase>
  <testcase classname="test.java.crm.HomePageTest" name="verifyContactsLinkTest" time="3.399">
    <skipped/>
  </testcase>
  <testcase classname="test.java.crm.HomePageTest" name="setUpTest" time="3.399">
    <skipped/>
  </testcase>
  <testcase classname="test.java.crm.HomePageTest" name="verifyDeleteButtonTest" time="3.402">
    <skipped/>
  </testcase>
  <testcase classname="test.java.crm.HomePageTest" name="setUpTest" time="3.402">
    <skipped/>
  </testcase>
  <testcase classname="test.java.crm.HomePageTest" name="verifyCalendarLinkTest" time="3.402">
    <skipped/>
  </testcase>
</testsuite>